<?xml version="1.0" encoding="UTF-8"?>
<!-- Generated by org.testng.reporters.JUnitReportReporter -->
<testsuite skipped="0" hostname="LAPTOP-T3C9NJIV" name="com.leafBot.testcases.TC003_CreateLead" tests="2" failures="0" timestamp="01 Feb 2020 05:29:36 GMT" time="62.179" errors="0">
  <testcase name="createLead" time="30.846" classname="com.leafBot.testcases.TC003_CreateLead"/>
  <testcase name="createLead" time="31.333" classname="com.leafBot.testcases.TC003_CreateLead"/>
</testsuite> <!-- com.leafBot.testcases.TC003_CreateLead -->
