<?xml version="1.0" encoding="UTF-8"?>
<!-- Generated by org.testng.reporters.JUnitReportReporter -->
<testsuite skipped="1" hostname="LAPTOP-T3C9NJIV" name="com.leafBot.testcases.TC001_LoginLogOut" tests="1" failures="0" timestamp="08 Feb 2020 10:31:24 GMT" time="0.000" errors="0">
  <testcase name="createLeaf" time="0.000" classname="com.leafBot.testcases.TC001_LoginLogOut">
    <skipped/>
  </testcase> <!-- createLeaf -->
</testsuite> <!-- com.leafBot.testcases.TC001_LoginLogOut -->
